

Started GET "/" for 127.0.0.1 at 2014-03-11 15:19:30 +0800

ActionController::RoutingError (uninitialized constant SiteController):
  activesupport (4.0.3) lib/active_support/inflector/methods.rb:226:in `const_get'
  activesupport (4.0.3) lib/active_support/inflector/methods.rb:226:in `block in constantize'
  activesupport (4.0.3) lib/active_support/inflector/methods.rb:224:in `each'
  activesupport (4.0.3) lib/active_support/inflector/methods.rb:224:in `inject'
  activesupport (4.0.3) lib/active_support/inflector/methods.rb:224:in `constantize'
  actionpack (4.0.3) lib/action_dispatch/routing/route_set.rb:76:in `controller_reference'
  actionpack (4.0.3) lib/action_dispatch/routing/route_set.rb:66:in `controller'
  actionpack (4.0.3) lib/action_dispatch/routing/route_set.rb:44:in `call'
  actionpack (4.0.3) lib/action_dispatch/journey/router.rb:71:in `block in call'
  actionpack (4.0.3) lib/action_dispatch/journey/router.rb:59:in `each'
  actionpack (4.0.3) lib/action_dispatch/journey/router.rb:59:in `call'
  actionpack (4.0.3) lib/action_dispatch/routing/route_set.rb:680:in `call'
  rack (1.5.2) lib/rack/etag.rb:23:in `call'
  rack (1.5.2) lib/rack/conditionalget.rb:25:in `call'
  rack (1.5.2) lib/rack/head.rb:11:in `call'
  actionpack (4.0.3) lib/action_dispatch/middleware/params_parser.rb:27:in `call'
  actionpack (4.0.3) lib/action_dispatch/middleware/flash.rb:241:in `call'
  rack (1.5.2) lib/rack/session/abstract/id.rb:225:in `context'
  rack (1.5.2) lib/rack/session/abstract/id.rb:220:in `call'
  actionpack (4.0.3) lib/action_dispatch/middleware/cookies.rb:486:in `call'
  actionpack (4.0.3) lib/action_dispatch/middleware/callbacks.rb:29:in `block in call'
  activesupport (4.0.3) lib/active_support/callbacks.rb:373:in `_run__1384896945235780__call__callbacks'
  activesupport (4.0.3) lib/active_support/callbacks.rb:80:in `run_callbacks'
  actionpack (4.0.3) lib/action_dispatch/middleware/callbacks.rb:27:in `call'
  actionpack (4.0.3) lib/action_dispatch/middleware/reloader.rb:64:in `call'
  actionpack (4.0.3) lib/action_dispatch/middleware/remote_ip.rb:76:in `call'
  actionpack (4.0.3) lib/action_dispatch/middleware/debug_exceptions.rb:17:in `call'
  actionpack (4.0.3) lib/action_dispatch/middleware/show_exceptions.rb:30:in `call'
  railties (4.0.3) lib/rails/rack/logger.rb:38:in `call_app'
  railties (4.0.3) lib/rails/rack/logger.rb:20:in `block in call'
  activesupport (4.0.3) lib/active_support/tagged_logging.rb:67:in `block in tagged'
  activesupport (4.0.3) lib/active_support/tagged_logging.rb:25:in `tagged'
  activesupport (4.0.3) lib/active_support/tagged_logging.rb:67:in `tagged'
  railties (4.0.3) lib/rails/rack/logger.rb:20:in `call'
  actionpack (4.0.3) lib/action_dispatch/middleware/request_id.rb:21:in `call'
  rack (1.5.2) lib/rack/methodoverride.rb:21:in `call'
  rack (1.5.2) lib/rack/runtime.rb:17:in `call'
  activesupport (4.0.3) lib/active_support/cache/strategy/local_cache.rb:83:in `call'
  rack (1.5.2) lib/rack/lock.rb:17:in `call'
  actionpack (4.0.3) lib/action_dispatch/middleware/static.rb:64:in `call'
  rack (1.5.2) lib/rack/sendfile.rb:112:in `call'
  railties (4.0.3) lib/rails/engine.rb:511:in `call'
  railties (4.0.3) lib/rails/application.rb:97:in `call'
  rack (1.5.2) lib/rack/lock.rb:17:in `call'
  rack (1.5.2) lib/rack/content_length.rb:14:in `call'
  rack (1.5.2) lib/rack/handler/webrick.rb:60:in `service'
  /Users/markcheng/.rbenv/versions/2.1.1/lib/ruby/2.1.0/webrick/httpserver.rb:138:in `service'
  /Users/markcheng/.rbenv/versions/2.1.1/lib/ruby/2.1.0/webrick/httpserver.rb:94:in `run'
  /Users/markcheng/.rbenv/versions/2.1.1/lib/ruby/2.1.0/webrick/server.rb:295:in `block in start_thread'


  Rendered /Users/markcheng/.rbenv/versions/2.1.1/lib/ruby/gems/2.1.0/gems/actionpack-4.0.3/lib/action_dispatch/middleware/templates/rescues/_trace.erb (0.8ms)
  Rendered /Users/markcheng/.rbenv/versions/2.1.1/lib/ruby/gems/2.1.0/gems/actionpack-4.0.3/lib/action_dispatch/middleware/templates/routes/_route.html.erb (0.9ms)
  Rendered /Users/markcheng/.rbenv/versions/2.1.1/lib/ruby/gems/2.1.0/gems/actionpack-4.0.3/lib/action_dispatch/middleware/templates/routes/_table.html.erb (4.4ms)
  Rendered /Users/markcheng/.rbenv/versions/2.1.1/lib/ruby/gems/2.1.0/gems/actionpack-4.0.3/lib/action_dispatch/middleware/templates/rescues/routing_error.erb within rescues/layout (24.0ms)


Started GET "/" for 127.0.0.1 at 2014-03-11 15:27:38 +0800

AbstractController::ActionNotFound (The action 'index' could not be found for SiteController):
  actionpack (4.0.3) lib/abstract_controller/base.rb:131:in `process'
  actionpack (4.0.3) lib/abstract_controller/rendering.rb:44:in `process'
  actionpack (4.0.3) lib/action_controller/metal.rb:195:in `dispatch'
  actionpack (4.0.3) lib/action_controller/metal/rack_delegation.rb:13:in `dispatch'
  actionpack (4.0.3) lib/action_controller/metal.rb:231:in `block in action'
  actionpack (4.0.3) lib/action_dispatch/routing/route_set.rb:80:in `call'
  actionpack (4.0.3) lib/action_dispatch/routing/route_set.rb:80:in `dispatch'
  actionpack (4.0.3) lib/action_dispatch/routing/route_set.rb:48:in `call'
  actionpack (4.0.3) lib/action_dispatch/journey/router.rb:71:in `block in call'
  actionpack (4.0.3) lib/action_dispatch/journey/router.rb:59:in `each'
  actionpack (4.0.3) lib/action_dispatch/journey/router.rb:59:in `call'
  actionpack (4.0.3) lib/action_dispatch/routing/route_set.rb:680:in `call'
  rack (1.5.2) lib/rack/etag.rb:23:in `call'
  rack (1.5.2) lib/rack/conditionalget.rb:25:in `call'
  rack (1.5.2) lib/rack/head.rb:11:in `call'
  actionpack (4.0.3) lib/action_dispatch/middleware/params_parser.rb:27:in `call'
  actionpack (4.0.3) lib/action_dispatch/middleware/flash.rb:241:in `call'
  rack (1.5.2) lib/rack/session/abstract/id.rb:225:in `context'
  rack (1.5.2) lib/rack/session/abstract/id.rb:220:in `call'
  actionpack (4.0.3) lib/action_dispatch/middleware/cookies.rb:486:in `call'
  actionpack (4.0.3) lib/action_dispatch/middleware/callbacks.rb:29:in `block in call'
  activesupport (4.0.3) lib/active_support/callbacks.rb:373:in `_run__1384896945235780__call__callbacks'
  activesupport (4.0.3) lib/active_support/callbacks.rb:80:in `run_callbacks'
  actionpack (4.0.3) lib/action_dispatch/middleware/callbacks.rb:27:in `call'
  actionpack (4.0.3) lib/action_dispatch/middleware/reloader.rb:64:in `call'
  actionpack (4.0.3) lib/action_dispatch/middleware/remote_ip.rb:76:in `call'
  actionpack (4.0.3) lib/action_dispatch/middleware/debug_exceptions.rb:17:in `call'
  actionpack (4.0.3) lib/action_dispatch/middleware/show_exceptions.rb:30:in `call'
  railties (4.0.3) lib/rails/rack/logger.rb:38:in `call_app'
  railties (4.0.3) lib/rails/rack/logger.rb:20:in `block in call'
  activesupport (4.0.3) lib/active_support/tagged_logging.rb:67:in `block in tagged'
  activesupport (4.0.3) lib/active_support/tagged_logging.rb:25:in `tagged'
  activesupport (4.0.3) lib/active_support/tagged_logging.rb:67:in `tagged'
  railties (4.0.3) lib/rails/rack/logger.rb:20:in `call'
  actionpack (4.0.3) lib/action_dispatch/middleware/request_id.rb:21:in `call'
  rack (1.5.2) lib/rack/methodoverride.rb:21:in `call'
  rack (1.5.2) lib/rack/runtime.rb:17:in `call'
  activesupport (4.0.3) lib/active_support/cache/strategy/local_cache.rb:83:in `call'
  rack (1.5.2) lib/rack/lock.rb:17:in `call'
  actionpack (4.0.3) lib/action_dispatch/middleware/static.rb:64:in `call'
  rack (1.5.2) lib/rack/sendfile.rb:112:in `call'
  railties (4.0.3) lib/rails/engine.rb:511:in `call'
  railties (4.0.3) lib/rails/application.rb:97:in `call'
  rack (1.5.2) lib/rack/lock.rb:17:in `call'
  rack (1.5.2) lib/rack/content_length.rb:14:in `call'
  rack (1.5.2) lib/rack/handler/webrick.rb:60:in `service'
  /Users/markcheng/.rbenv/versions/2.1.1/lib/ruby/2.1.0/webrick/httpserver.rb:138:in `service'
  /Users/markcheng/.rbenv/versions/2.1.1/lib/ruby/2.1.0/webrick/httpserver.rb:94:in `run'
  /Users/markcheng/.rbenv/versions/2.1.1/lib/ruby/2.1.0/webrick/server.rb:295:in `block in start_thread'


  Rendered /Users/markcheng/.rbenv/versions/2.1.1/lib/ruby/gems/2.1.0/gems/actionpack-4.0.3/lib/action_dispatch/middleware/templates/rescues/unknown_action.erb within rescues/layout (0.3ms)


Started GET "/" for 127.0.0.1 at 2014-03-11 15:28:50 +0800
Processing by SiteController#index as HTML
  Rendered site/index.html.erb within layouts/application (0.2ms)
Completed 200 OK in 284ms (Views: 276.6ms)


Started GET "/assets/application.css?body=1" for 127.0.0.1 at 2014-03-11 15:28:50 +0800


Started GET "/assets/jquery.js?body=1" for 127.0.0.1 at 2014-03-11 15:28:50 +0800


Started GET "/assets/turbolinks.js?body=1" for 127.0.0.1 at 2014-03-11 15:28:50 +0800


Started GET "/assets/jquery_ujs.js?body=1" for 127.0.0.1 at 2014-03-11 15:28:50 +0800


Started GET "/assets/application.js?body=1" for 127.0.0.1 at 2014-03-11 15:28:50 +0800


Started GET "/" for 127.0.0.1 at 2014-03-11 15:30:04 +0800
Processing by SiteController#index as HTML
  Rendered site/index.html.erb within layouts/application (0.0ms)
Completed 200 OK in 3ms (Views: 2.3ms)


Started GET "/assets/application.css?body=1" for 127.0.0.1 at 2014-03-11 15:30:04 +0800


Started GET "/assets/jquery.js?body=1" for 127.0.0.1 at 2014-03-11 15:30:04 +0800


Started GET "/assets/turbolinks.js?body=1" for 127.0.0.1 at 2014-03-11 15:30:04 +0800


Started GET "/assets/application.js?body=1" for 127.0.0.1 at 2014-03-11 15:30:04 +0800


Started GET "/assets/jquery_ujs.js?body=1" for 127.0.0.1 at 2014-03-11 15:30:04 +0800


Started GET "/" for 127.0.0.1 at 2014-03-11 15:32:16 +0800
Processing by SiteController#index as HTML
  Rendered site/index.html.erb within layouts/application (0.3ms)
Completed 200 OK in 3ms (Views: 2.4ms)


Started GET "/assets/application.css?body=1" for 127.0.0.1 at 2014-03-11 15:32:16 +0800


Started GET "/assets/jquery.js?body=1" for 127.0.0.1 at 2014-03-11 15:32:16 +0800


Started GET "/assets/jquery_ujs.js?body=1" for 127.0.0.1 at 2014-03-11 15:32:16 +0800


Started GET "/assets/turbolinks.js?body=1" for 127.0.0.1 at 2014-03-11 15:32:16 +0800


Started GET "/assets/application.js?body=1" for 127.0.0.1 at 2014-03-11 15:32:16 +0800


Started GET "/" for 127.0.0.1 at 2014-03-11 15:33:35 +0800
Processing by SiteController#index as HTML
  Rendered site/index.html.erb within layouts/application (0.3ms)
Completed 200 OK in 3ms (Views: 2.3ms)


Started GET "/assets/application.css?body=1" for 127.0.0.1 at 2014-03-11 15:33:35 +0800


Started GET "/assets/jquery.js?body=1" for 127.0.0.1 at 2014-03-11 15:33:35 +0800


Started GET "/assets/application.js?body=1" for 127.0.0.1 at 2014-03-11 15:33:35 +0800


Started GET "/assets/turbolinks.js?body=1" for 127.0.0.1 at 2014-03-11 15:33:35 +0800


Started GET "/assets/jquery_ujs.js?body=1" for 127.0.0.1 at 2014-03-11 15:33:35 +0800


Started GET "/" for 127.0.0.1 at 2014-03-11 15:40:57 +0800
Processing by SiteController#index as HTML
  Rendered site/index.html.erb within layouts/application (0.2ms)
Completed 200 OK in 3ms (Views: 2.4ms)


Started GET "/assets/application.css?body=1" for 127.0.0.1 at 2014-03-11 15:40:57 +0800


Started GET "/assets/jquery.js?body=1" for 127.0.0.1 at 2014-03-11 15:40:57 +0800


Started GET "/assets/turbolinks.js?body=1" for 127.0.0.1 at 2014-03-11 15:40:57 +0800


Started GET "/assets/application.js?body=1" for 127.0.0.1 at 2014-03-11 15:40:57 +0800


Started GET "/assets/jquery_ujs.js?body=1" for 127.0.0.1 at 2014-03-11 15:40:57 +0800
